<?xml version="1.0" encoding="UTF-8"?>
<testsuite name="com.anpetna.service.MemberServiceTests" tests="1" skipped="0" failures="0" errors="0" timestamp="2025-08-12T07:14:21" hostname="220-04" time="1.134">
  <properties/>
  <testcase name="readAllTest()" classname="com.anpetna.service.MemberServiceTests" time="1.134"/>
  <system-out><![CDATA[16:14:15.571 [Test worker] INFO org.springframework.test.context.support.AnnotationConfigContextLoaderUtils -- Could not detect default configuration classes for test class [com.anpetna.service.MemberServiceTests]: MemberServiceTests does not declare any static, non-private, non-final, nested classes annotated with @Configuration.
16:14:15.721 [Test worker] INFO org.springframework.boot.test.context.SpringBootTestContextBootstrapper -- Found @SpringBootConfiguration com.anpetna.AnpetnaApplication for test class com.anpetna.service.MemberServiceTests

  .   ____          _            __ _ _
 /\\ / ___'_ __ _ _(_)_ __  __ _ \ \ \ \
( ( )\___ | '_ | '_| | '_ \/ _` | \ \ \ \
 \\/  ___)| |_)| | | | | || (_| |  ) ) ) )
  '  |____| .__|_| |_|_| |_\__, | / / / /
 =========|_|==============|___/=/_/_/_/

 :: Spring Boot ::                (v3.4.8)

2025-08-12T16:14:16.311+09:00  INFO 13376 --- [anpetna] [    Test worker] com.anpetna.service.MemberServiceTests   : Starting MemberServiceTests using Java 17.0.15 with PID 13376 (started by wlals in C:\SpringBoot-workspace\anpetna)
2025-08-12T16:14:16.314+09:00  INFO 13376 --- [anpetna] [    Test worker] com.anpetna.service.MemberServiceTests   : No active profile set, falling back to 1 default profile: "default"
2025-08-12T16:14:17.573+09:00  INFO 13376 --- [anpetna] [    Test worker] .s.d.r.c.RepositoryConfigurationDelegate : Bootstrapping Spring Data JPA repositories in DEFAULT mode.
2025-08-12T16:14:17.672+09:00  INFO 13376 --- [anpetna] [    Test worker] .s.d.r.c.RepositoryConfigurationDelegate : Finished Spring Data repository scanning in 80 ms. Found 1 JPA repository interface.
2025-08-12T16:14:18.359+09:00  INFO 13376 --- [anpetna] [    Test worker] o.hibernate.jpa.internal.util.LogHelper  : HHH000204: Processing PersistenceUnitInfo [name: default]
2025-08-12T16:14:18.458+09:00  INFO 13376 --- [anpetna] [    Test worker] org.hibernate.Version                    : HHH000412: Hibernate ORM core version 6.6.22.Final
2025-08-12T16:14:18.525+09:00  INFO 13376 --- [anpetna] [    Test worker] o.h.c.internal.RegionFactoryInitiator    : HHH000026: Second-level cache disabled
2025-08-12T16:14:18.946+09:00  INFO 13376 --- [anpetna] [    Test worker] o.s.o.j.p.SpringPersistenceUnitInfo      : No LoadTimeWeaver setup: ignoring JPA class transformer
2025-08-12T16:14:18.992+09:00  INFO 13376 --- [anpetna] [    Test worker] com.zaxxer.hikari.HikariDataSource       : HikariPool-1 - Starting...
2025-08-12T16:14:19.104+09:00  INFO 13376 --- [anpetna] [    Test worker] com.zaxxer.hikari.pool.HikariPool        : HikariPool-1 - Added connection org.mariadb.jdbc.Connection@65d23aa3
2025-08-12T16:14:19.106+09:00  INFO 13376 --- [anpetna] [    Test worker] com.zaxxer.hikari.HikariDataSource       : HikariPool-1 - Start completed.
2025-08-12T16:14:19.185+09:00  INFO 13376 --- [anpetna] [    Test worker] org.hibernate.orm.connections.pooling    : HHH10001005: Database info:
	Database JDBC URL [Connecting through datasource 'HikariDataSource (HikariPool-1)']
	Database driver: undefined/unknown
	Database version: 10.5.29
	Autocommit mode: undefined/unknown
	Isolation level: undefined/unknown
	Minimum pool size: undefined/unknown
	Maximum pool size: undefined/unknown
2025-08-12T16:14:20.267+09:00  INFO 13376 --- [anpetna] [    Test worker] o.h.e.t.j.p.i.JtaPlatformInitiator       : HHH000489: No JTA platform available (set 'hibernate.transaction.jta.platform' to enable JTA platform integration)
2025-08-12T16:14:20.324+09:00  INFO 13376 --- [anpetna] [    Test worker] j.LocalContainerEntityManagerFactoryBean : Initialized JPA EntityManagerFactory for persistence unit 'default'
2025-08-12T16:14:20.758+09:00  WARN 13376 --- [anpetna] [    Test worker] JpaBaseConfiguration$JpaWebConfiguration : spring.jpa.open-in-view is enabled by default. Therefore, database queries may be performed during view rendering. Explicitly configure spring.jpa.open-in-view to disable this warning
2025-08-12T16:14:20.790+09:00  INFO 13376 --- [anpetna] [    Test worker] r$InitializeUserDetailsManagerConfigurer : Global AuthenticationManager configured with UserDetailsService bean with name JMMemberServiceImpl
2025-08-12T16:14:21.691+09:00  WARN 13376 --- [anpetna] [    Test worker] ion$DefaultTemplateResolverConfiguration : Cannot find template location: classpath:/templates/ (please add some templates, check your Thymeleaf configuration, or set spring.thymeleaf.check-template-location=false)
2025-08-12T16:14:21.892+09:00  INFO 13376 --- [anpetna] [    Test worker] com.anpetna.service.MemberServiceTests   : Started MemberServiceTests in 5.949 seconds (process running for 7.429)
]]></system-out>
  <system-err><![CDATA[]]></system-err>
</testsuite>
