<?xml version="1.0" encoding="UTF-8"?>
<testsuite name="com.anpetna.service.MemberServiceTests" tests="1" skipped="0" failures="1" errors="0" timestamp="2025-08-19T01:47:20" hostname="220-03" time="0.082">
  <properties/>
  <testcase name="joinTest()" classname="com.anpetna.service.MemberServiceTests" time="0.082">
    <failure message="java.lang.NullPointerException: Cannot invoke &quot;com.anpetna.member.domain.MemberEntity.setMemberPw(String)&quot; because &quot;member&quot; is null" type="java.lang.NullPointerException">java.lang.NullPointerException: Cannot invoke &quot;com.anpetna.member.domain.MemberEntity.setMemberPw(String)&quot; because &quot;member&quot; is null
	at com.anpetna.member.service.MemberServiceImpl.join(MemberServiceImpl.java:58)
	at com.anpetna.service.MemberServiceTests.joinTest(MemberServiceTests.java:113)
	at java.base/java.lang.reflect.Method.invoke(Method.java:569)
	at java.base/java.util.ArrayList.forEach(ArrayList.java:1511)
	at java.base/java.util.ArrayList.forEach(ArrayList.java:1511)
</failure>
  </testcase>
  <system-out><![CDATA[10:47:11.769 [Test worker] INFO org.springframework.test.context.support.AnnotationConfigContextLoaderUtils -- Could not detect default configuration classes for test class [com.anpetna.service.MemberServiceTests]: MemberServiceTests does not declare any static, non-private, non-final, nested classes annotated with @Configuration.
10:47:11.947 [Test worker] INFO org.springframework.boot.test.context.SpringBootTestContextBootstrapper -- Found @SpringBootConfiguration com.anpetna.AnpetnaApplication for test class com.anpetna.service.MemberServiceTests

⠄⠄⠄⠄⠄⠄⠄⠄⠄⠄⠄⠄⠄⠄⠄⠄⠄⠄⠄⠄⠄⠄⠄⠄⠄⠄⠄⠄⠄⠄⠄⠄⠄⠄⠄⠄⠄⠄⠄⠄⠄⠄⠄⠄⠄⠄⠄⠄⠄⠄⠄⠄⠄⠄⠄⠄⠄⠄⠄⠄
⠄⠄⠄⠄⠄⠄⠄⠄⠄⠄⠄⠄⠄⠄⠄⠄⠄⠄⠄⠄⠄⠄⠄⠄⠄⠄⠄⠄⠄⠄⠄⠄⠄⠄⠄⣠⣴⣶⣶⣤⣠⡄⠄⠄⠄⠄⠄⠄⠄⠄⠄⠄⠄⠄⠄⠄⠄⠄⠄⠄
⠄⠄⠄⠄⠄⠄⠄⠄⠄⠄⠄⠄⣀⣠⣤⣤⣄⡀⠄⠄⠄⠄⠄⢀⣠⣶⣶⣶⢄⠄⠄⠄⠄⠄⢰⣿⡿⢿⡿⢉⢻⡀⠄⠄⠄⠄⠄⠄⠄⠄⠄⠄⠄⠄⠄⠄⠄⠄⠄⠄
⠄⠄⠄⠄⠄⠄⠄⠄⠄⠄⠄⢰⣿⣿⣿⡟⢈⣷⠄⠄⠄⠄⠄⣸⣿⡟⠟⢡⠸⣆⠄⠄⠄⠄⠄⠻⣷⡆⠄⣄⣠⠇⠄⠄⠄⠄⠄⠄⠄⠄⠄⠄⠄⠄⠄⠄⠄⠄⠄⠄
⠄⠄⠄⠄⠄⠄⠄⠄⠄⠄⠄⠈⢿⣧⡌⠄⣌⡼⠃⠄⠄⠄⢰⣿⣿⣷⠂⠢⣼⠉⠄⠄⠄⠄⢀⡤⠾⢤⣴⠒⠃⠄⠄⠄⠄⠄⠄⠄⠄⠄⠄⠄⠄⠄⠄⠄⠄⠄⠄⠄
⠄⠄⠄⠄⠄⠄⠄⠄⠄⠄⠄⢀⡤⠿⣄⣴⠚⠁⠄⠄⠄⠄⠙⣻⠟⠻⢼⡉⠁⠄⠄⠄⠄⣠⠁⠄⠄⠄⠘⣦⠄⠄⠄⠄⠄⠄⠄⠄⠄⠄⠄⠄⠄⠄⠄⠄⠄⠄⠄⠄
⠄⠄⠄⠄⠄⠄⠄⠄⠄⢀⡔⠃⣠⠄⠄⠘⡧⣄⠄⠄⠄⣠⠚⢁⡤⠄⠄⢹⢦⡀⠄⢠⠜⢁⢴⠊⠄⠄⠄⡏⠓⢄⡀⠄⠄⠄⠄⠄⠄⠄⠄⠄⠄⠄⠄⠄⠄⠄⠄⠄
⠄⠄⠄⠄⠄⠄⠄⠄⢠⠏⢠⢾⠁⠄⠄⢀⣇⡈⠳⣄⣼⡁⣰⢻⠁⠄⢠⡿⣄⠙⡶⠛⢦⠞⡏⠄⠄⠄⢰⠏⠦⣴⠉⠙⡆⠄⠄⠄⠄⠄⠄⠄⠄⠄⠄⠄⠄⠄⠄⠄
⠄⠄⠄⠄⠄⠄⠄⢰⠉⠳⡏⠈⠄⠄⠄⢸⠁⠙⠺⣏⢀⣹⢡⠏⠄⠄⠈⣇⠈⠙⠧⠴⠜⠄⡧⠤⣤⣤⣼⠄⠄⠈⠓⢻⡁⢀⡤⠔⠦⣄⠄⠄⠄⠄⠄⠄⠄⠄⠄⠄
⠄⠄⠄⠄⠄⠄⠄⠈⠒⠋⠄⠐⠒⠒⠒⢧⠄⠄⡠⡌⠉⢣⡎⠄⠄⠄⠄⠘⡆⠄⠄⠄⠄⢠⠄⠄⠄⠄⠘⢦⠄⠄⠄⠄⣹⠋⠄⢠⠄⡜⠦⣤⡄⠄⠄⠄⠄⠄⠄⠄
⠄⠄⠄⠄⠄⠄⠄⠄⠄⠄⢀⡆⠄⣰⡀⠈⢳⣸⢰⠄⢠⠎⠄⡴⠑⠦⢶⠄⢹⠄⠄⡴⠂⠉⢦⣴⠋⢦⣀⣈⣱⣀⣠⠴⠣⣀⣠⠞⠄⠠⣤⡼⠃⠄⠄⠄⠄⠄⠄⠄
⠄⠄⠄⠄⠄⠄⠄⠄⢀⡴⠋⠄⡰⠃⢳⠄⠈⣿⡘⠚⠉⠛⠒⠃⠄⠄⢄⣧⡌⡇⣰⠁⢰⠄⠄⢙⡇⡼⠉⠄⠄⠄⠄⠄⠄⠄⠄⠄⡴⠉⠁⠄⠄⠄⠄⠄⠄⠄⠄⠄
⠄⠄⠄⠄⠄⠄⠄⣴⣯⡀⣠⠌⠄⠄⠘⡆⠄⣿⠇⠄⠄⠄⠄⠄⠄⠄⡨⢋⡴⠛⣇⠄⢸⠃⠖⠋⣰⠃⡄⠄⢀⡄⠄⠄⠄⠄⠄⣠⡃⠄⠄⠄⠄⠄⠄⠄⠄⠄⠄⠄
⠄⠄⠄⠄⠄⠄⠄⠻⣿⣯⡁⠠⢔⣄⠄⢣⣤⠏⠄⡤⢤⢤⣄⠄⡀⢰⡏⡟⠄⠄⢬⠛⠁⡀⠄⠾⣡⡞⢁⣠⠞⢲⠦⡇⠄⡷⢾⡁⠙⠄⢀⣀⡿⣣⠄⠄⠄⠄⠄⠄
⠄⠄⠄⠄⠄⠄⠄⠄⠄⠄⠼⠤⣤⠞⠁⠄⠘⢦⠇⠘⠦⡷⠸⢄⣻⠱⠅⠳⣄⣀⣚⡞⢆⡧⠄⠄⠄⠧⣹⠄⠳⣜⡆⠹⣄⣱⠄⠙⠔⠰⠥⠤⠤⣨⠜⠂⠄⠄⠄⠄
⠄⠄⠄⠄⠄⠄⠄⠄⠄⠄⠄⠄⠄⠄⠄⠄⠄⠄⠄⠄⠄⢀⡀⠄⠄⢀⡀⠄⠄⠄⠄⠄⠄⠄⠄⣿⡇⠄⠄⠄⠄⠄⠄⠄⠄⠄⠄⠄⠄⠄⠄⠄⠄⠄⠄⠄⠄⠄⠄⠄
⠄⠄⠄⠄⠄⠄⢠⣾⡿⠿⣿⣇⠄⢸⣿⣶⢿⣿⣷⠄⢠⣿⣿⣴⣶⣿⣧⠄⣰⣾⠿⠿⣿⡄⢿⣿⣿⣿⡿⠄⣿⣷⣿⣿⣿⡆⠄⢰⣿⠿⢿⣷⡄⠄⠄⠄⠄⠄⠄⠄
⠄⠄⠄⠄⠄⠄⢀⣠⣤⠶⢼⣿⠄⢸⣿⡏⠄⠸⣿⡇⢸⣿⣟⡿⢿⣻⣿⠄⣿⣿⢶⣶⠿⠏⠄⣿⣿⠄⠄⠄⣿⣿⠄⠈⣿⣿⠄⣀⣠⠴⢾⣿⡇⠄⠄⠄⠄⠄⠄⠄
⠄⠄⠄⠄⠄⠄⢸⣿⣧⣤⣼⣿⠄⢸⣿⡇⠄⢰⣿⡇⢸⣿⣯⣥⣭⣿⡏⠄⢻⣿⣦⣤⣴⡆⠄⢿⣿⣦⣤⠄⣿⣿⠄⠄⣿⣿⠄⢿⣿⣤⣼⣿⡇⠄⠄⠄⠄⠄⠄⠄
⠄⠄⠄⠄⠄⠄⠄⠉⠉⠉⠈⠉⠄⠈⠉⠁⠄⠄⠉⠄⢸⣿⡏⠉⠉⠄⠄⠄⠄⠈⠉⠉⠉⠄⠄⠈⠉⠉⠉⠄⠉⠁⠄⠄⠉⠉⠄⠈⠉⠉⠁⠉⠁⠄⠄⠄⠄⠄⠄⠄
⠄⠄⠄⠄⠄⠄⠄⠄⠄⠄⠄⠄⠄⠄⠄⠄⠄⠄⠄⠄⠘⠛⠁⠄⠄⠄⠄⠄⠄⠄⠄⠄⠄⠄⠄⠄⠄⠄⠄⠄⠄⠄⠄⠄⠄⠄⠄⠄⠄⠄⠄⠄⠄⠄⠄⠄⠄⠄⠄⠄
⠄⠄⠄⠄⠄⠄⠄⠄⠄⠄⠄⠄⠄⠄⠄⠄⠄⠄⠄⠄⠄⠄⠄⠄⠄⠄⠄⠄⠄⠄⠄⠄⠄⠄⠄⠄⠄⠄⠄⠄⠄⠄⠄⠄⠄⠄⠄⠄⠄⠄⠄⠄⠄⠄⠄⠄⠄⠄⠄⠄


2025-08-19T10:47:14.090+09:00  INFO 624 --- [anpetna] [    Test worker] com.anpetna.service.MemberServiceTests   : Starting MemberServiceTests using Java 17.0.15 with PID 624 (started by traum717 in C:\SpringBoot-workspace\anpetna)
2025-08-19T10:47:14.093+09:00  INFO 624 --- [anpetna] [    Test worker] com.anpetna.service.MemberServiceTests   : No active profile set, falling back to 1 default profile: "default"
2025-08-19T10:47:15.608+09:00  INFO 624 --- [anpetna] [    Test worker] .s.d.r.c.RepositoryConfigurationDelegate : Bootstrapping Spring Data JPA repositories in DEFAULT mode.
2025-08-19T10:47:15.723+09:00  INFO 624 --- [anpetna] [    Test worker] .s.d.r.c.RepositoryConfigurationDelegate : Finished Spring Data repository scanning in 96 ms. Found 1 JPA repository interface.
2025-08-19T10:47:16.523+09:00  INFO 624 --- [anpetna] [    Test worker] o.hibernate.jpa.internal.util.LogHelper  : HHH000204: Processing PersistenceUnitInfo [name: default]
2025-08-19T10:47:16.613+09:00  INFO 624 --- [anpetna] [    Test worker] org.hibernate.Version                    : HHH000412: Hibernate ORM core version 6.6.22.Final
2025-08-19T10:47:16.668+09:00  INFO 624 --- [anpetna] [    Test worker] o.h.c.internal.RegionFactoryInitiator    : HHH000026: Second-level cache disabled
2025-08-19T10:47:16.876+09:00  INFO 624 --- [anpetna] [    Test worker] o.s.o.j.p.SpringPersistenceUnitInfo      : No LoadTimeWeaver setup: ignoring JPA class transformer
2025-08-19T10:47:16.931+09:00  INFO 624 --- [anpetna] [    Test worker] com.zaxxer.hikari.HikariDataSource       : HikariPool-1 - Starting...
2025-08-19T10:47:17.070+09:00  INFO 624 --- [anpetna] [    Test worker] com.zaxxer.hikari.pool.HikariPool        : HikariPool-1 - Added connection org.mariadb.jdbc.Connection@21b2579d
2025-08-19T10:47:17.072+09:00  INFO 624 --- [anpetna] [    Test worker] com.zaxxer.hikari.HikariDataSource       : HikariPool-1 - Start completed.
2025-08-19T10:47:17.147+09:00  INFO 624 --- [anpetna] [    Test worker] org.hibernate.orm.connections.pooling    : HHH10001005: Database info:
	Database JDBC URL [Connecting through datasource 'HikariDataSource (HikariPool-1)']
	Database driver: undefined/unknown
	Database version: 10.5.29
	Autocommit mode: undefined/unknown
	Isolation level: undefined/unknown
	Minimum pool size: undefined/unknown
	Maximum pool size: undefined/unknown
2025-08-19T10:47:18.585+09:00  INFO 624 --- [anpetna] [    Test worker] o.h.e.t.j.p.i.JtaPlatformInitiator       : HHH000489: No JTA platform available (set 'hibernate.transaction.jta.platform' to enable JTA platform integration)
2025-08-19T10:47:18.693+09:00  INFO 624 --- [anpetna] [    Test worker] j.LocalContainerEntityManagerFactoryBean : Initialized JPA EntityManagerFactory for persistence unit 'default'
2025-08-19T10:47:19.261+09:00  INFO 624 --- [anpetna] [    Test worker] r$InitializeUserDetailsManagerConfigurer : Global AuthenticationManager configured with UserDetailsService bean with name memberServiceImpl
2025-08-19T10:47:19.301+09:00  WARN 624 --- [anpetna] [    Test worker] JpaBaseConfiguration$JpaWebConfiguration : spring.jpa.open-in-view is enabled by default. Therefore, database queries may be performed during view rendering. Explicitly configure spring.jpa.open-in-view to disable this warning
2025-08-19T10:47:20.106+09:00  WARN 624 --- [anpetna] [    Test worker] ion$DefaultTemplateResolverConfiguration : Cannot find template location: classpath:/templates/ (please add some templates, check your Thymeleaf configuration, or set spring.thymeleaf.check-template-location=false)
2025-08-19T10:47:20.340+09:00  INFO 624 --- [anpetna] [    Test worker] com.anpetna.service.MemberServiceTests   : Started MemberServiceTests in 6.751 seconds (process running for 9.78)
=== EFFECTIVE SPRING CONFIG ===
ActiveProfiles = []
spring.datasource.url = jdbc:mariadb://localhost:3306/anpetnadb
spring.datasource.username = anpetnamember
spring.datasource.driver-class-name = org.mariadb.jdbc.Driver
================================
]]></system-out>
  <system-err><![CDATA[]]></system-err>
</testsuite>
