<?xml version="1.0" encoding="UTF-8"?>
<testsuite name="com.anpetna.service.MemberServiceTests" tests="6" skipped="0" failures="0" errors="0" timestamp="2025-08-13T07:04:05" hostname="220-04" time="0.424">
  <properties/>
  <testcase name="readOneTest()" classname="com.anpetna.service.MemberServiceTests" time="0.268"/>
  <testcase name="readAllTest()" classname="com.anpetna.service.MemberServiceTests" time="0.036"/>
  <testcase name="joinTest()" classname="com.anpetna.service.MemberServiceTests" time="0.016"/>
  <testcase name="ModifyTest()" classname="com.anpetna.service.MemberServiceTests" time="0.029"/>
  <testcase name="DeleteTest()" classname="com.anpetna.service.MemberServiceTests" time="0.02"/>
  <testcase name="loadUserByUsername_test()" classname="com.anpetna.service.MemberServiceTests" time="0.027"/>
  <system-out><![CDATA[16:03:57.951 [Test worker] INFO org.springframework.test.context.support.AnnotationConfigContextLoaderUtils -- Could not detect default configuration classes for test class [com.anpetna.service.MemberServiceTests]: MemberServiceTests does not declare any static, non-private, non-final, nested classes annotated with @Configuration.
16:03:58.108 [Test worker] INFO org.springframework.boot.test.context.SpringBootTestContextBootstrapper -- Found @SpringBootConfiguration com.anpetna.AnpetnaApplication for test class com.anpetna.service.MemberServiceTests

  .   ____          _            __ _ _
 /\\ / ___'_ __ _ _(_)_ __  __ _ \ \ \ \
( ( )\___ | '_ | '_| | '_ \/ _` | \ \ \ \
 \\/  ___)| |_)| | | | | || (_| |  ) ) ) )
  '  |____| .__|_| |_|_| |_\__, | / / / /
 =========|_|==============|___/=/_/_/_/

 :: Spring Boot ::                (v3.4.8)

2025-08-13T16:03:58.722+09:00  INFO 14980 --- [anpetna] [    Test worker] com.anpetna.service.MemberServiceTests   : Starting MemberServiceTests using Java 17.0.15 with PID 14980 (started by wlals in C:\SpringBoot-workspace\anpetna)
2025-08-13T16:03:58.722+09:00  INFO 14980 --- [anpetna] [    Test worker] com.anpetna.service.MemberServiceTests   : No active profile set, falling back to 1 default profile: "default"
2025-08-13T16:04:00.008+09:00  INFO 14980 --- [anpetna] [    Test worker] .s.d.r.c.RepositoryConfigurationDelegate : Bootstrapping Spring Data JPA repositories in DEFAULT mode.
2025-08-13T16:04:00.086+09:00  INFO 14980 --- [anpetna] [    Test worker] .s.d.r.c.RepositoryConfigurationDelegate : Finished Spring Data repository scanning in 66 ms. Found 1 JPA repository interface.
2025-08-13T16:04:00.784+09:00  INFO 14980 --- [anpetna] [    Test worker] o.hibernate.jpa.internal.util.LogHelper  : HHH000204: Processing PersistenceUnitInfo [name: default]
2025-08-13T16:04:00.894+09:00  INFO 14980 --- [anpetna] [    Test worker] org.hibernate.Version                    : HHH000412: Hibernate ORM core version 6.6.22.Final
2025-08-13T16:04:00.972+09:00  INFO 14980 --- [anpetna] [    Test worker] o.h.c.internal.RegionFactoryInitiator    : HHH000026: Second-level cache disabled
2025-08-13T16:04:01.457+09:00  INFO 14980 --- [anpetna] [    Test worker] o.s.o.j.p.SpringPersistenceUnitInfo      : No LoadTimeWeaver setup: ignoring JPA class transformer
2025-08-13T16:04:01.520+09:00  INFO 14980 --- [anpetna] [    Test worker] com.zaxxer.hikari.HikariDataSource       : HikariPool-1 - Starting...
2025-08-13T16:04:01.660+09:00  INFO 14980 --- [anpetna] [    Test worker] com.zaxxer.hikari.pool.HikariPool        : HikariPool-1 - Added connection org.mariadb.jdbc.Connection@361f26b4
2025-08-13T16:04:01.660+09:00  INFO 14980 --- [anpetna] [    Test worker] com.zaxxer.hikari.HikariDataSource       : HikariPool-1 - Start completed.
2025-08-13T16:04:01.723+09:00  INFO 14980 --- [anpetna] [    Test worker] org.hibernate.orm.connections.pooling    : HHH10001005: Database info:
	Database JDBC URL [Connecting through datasource 'HikariDataSource (HikariPool-1)']
	Database driver: undefined/unknown
	Database version: 10.5.29
	Autocommit mode: undefined/unknown
	Isolation level: undefined/unknown
	Minimum pool size: undefined/unknown
	Maximum pool size: undefined/unknown
2025-08-13T16:04:02.894+09:00  INFO 14980 --- [anpetna] [    Test worker] o.h.e.t.j.p.i.JtaPlatformInitiator       : HHH000489: No JTA platform available (set 'hibernate.transaction.jta.platform' to enable JTA platform integration)
2025-08-13T16:04:02.957+09:00  INFO 14980 --- [anpetna] [    Test worker] j.LocalContainerEntityManagerFactoryBean : Initialized JPA EntityManagerFactory for persistence unit 'default'
2025-08-13T16:04:03.379+09:00  WARN 14980 --- [anpetna] [    Test worker] JpaBaseConfiguration$JpaWebConfiguration : spring.jpa.open-in-view is enabled by default. Therefore, database queries may be performed during view rendering. Explicitly configure spring.jpa.open-in-view to disable this warning
2025-08-13T16:04:03.411+09:00  INFO 14980 --- [anpetna] [    Test worker] r$InitializeUserDetailsManagerConfigurer : Global AuthenticationManager configured with UserDetailsService bean with name memberServiceImpl
2025-08-13T16:04:04.271+09:00  WARN 14980 --- [anpetna] [    Test worker] ion$DefaultTemplateResolverConfiguration : Cannot find template location: classpath:/templates/ (please add some templates, check your Thymeleaf configuration, or set spring.thymeleaf.check-template-location=false)
2025-08-13T16:04:04.474+09:00  INFO 14980 --- [anpetna] [    Test worker] com.anpetna.service.MemberServiceTests   : Started MemberServiceTests in 6.132 seconds (process running for 7.659)
]]></system-out>
  <system-err><![CDATA[]]></system-err>
</testsuite>
