<?xml version="1.0" encoding="UTF-8"?>
<testsuite name="com.anpetna.service.MemberServiceTests" tests="1" skipped="0" failures="1" errors="0" timestamp="2025-08-18T09:51:57" hostname="220-03" time="0.104">
  <properties/>
  <testcase name="ModifyTest()" classname="com.anpetna.service.MemberServiceTests" time="0.104">
    <failure message="org.springframework.security.core.userdetails.UsernameNotFoundException: user01" type="org.springframework.security.core.userdetails.UsernameNotFoundException">org.springframework.security.core.userdetails.UsernameNotFoundException: user01
	at app//com.anpetna.member.service.MemberServiceImpl.modify(MemberServiceImpl.java:135)
	at app//com.anpetna.service.MemberServiceTests.ModifyTest(MemberServiceTests.java:221)
	at java.base@17.0.15/java.lang.reflect.Method.invoke(Method.java:569)
	at java.base@17.0.15/java.util.ArrayList.forEach(ArrayList.java:1511)
	at java.base@17.0.15/java.util.ArrayList.forEach(ArrayList.java:1511)
</failure>
  </testcase>
  <system-out><![CDATA[18:51:47.931 [Test worker] INFO org.springframework.test.context.support.AnnotationConfigContextLoaderUtils -- Could not detect default configuration classes for test class [com.anpetna.service.MemberServiceTests]: MemberServiceTests does not declare any static, non-private, non-final, nested classes annotated with @Configuration.
18:51:48.108 [Test worker] INFO org.springframework.boot.test.context.SpringBootTestContextBootstrapper -- Found @SpringBootConfiguration com.anpetna.AnpetnaApplication for test class com.anpetna.service.MemberServiceTests

⠄⠄⠄⠄⠄⠄⠄⠄⠄⠄⠄⠄⠄⠄⠄⠄⠄⠄⠄⠄⠄⠄⠄⠄⠄⠄⠄⠄⠄⠄⠄⠄⠄⠄⠄⠄⠄⠄⠄⠄⠄⠄⠄⠄⠄⠄⠄⠄⠄⠄⠄⠄⠄⠄⠄⠄⠄⠄⠄⠄
⠄⠄⠄⠄⠄⠄⠄⠄⠄⠄⠄⠄⠄⠄⠄⠄⠄⠄⠄⠄⠄⠄⠄⠄⠄⠄⠄⠄⠄⠄⠄⠄⠄⠄⠄⣠⣴⣶⣶⣤⣠⡄⠄⠄⠄⠄⠄⠄⠄⠄⠄⠄⠄⠄⠄⠄⠄⠄⠄⠄
⠄⠄⠄⠄⠄⠄⠄⠄⠄⠄⠄⠄⣀⣠⣤⣤⣄⡀⠄⠄⠄⠄⠄⢀⣠⣶⣶⣶⢄⠄⠄⠄⠄⠄⢰⣿⡿⢿⡿⢉⢻⡀⠄⠄⠄⠄⠄⠄⠄⠄⠄⠄⠄⠄⠄⠄⠄⠄⠄⠄
⠄⠄⠄⠄⠄⠄⠄⠄⠄⠄⠄⢰⣿⣿⣿⡟⢈⣷⠄⠄⠄⠄⠄⣸⣿⡟⠟⢡⠸⣆⠄⠄⠄⠄⠄⠻⣷⡆⠄⣄⣠⠇⠄⠄⠄⠄⠄⠄⠄⠄⠄⠄⠄⠄⠄⠄⠄⠄⠄⠄
⠄⠄⠄⠄⠄⠄⠄⠄⠄⠄⠄⠈⢿⣧⡌⠄⣌⡼⠃⠄⠄⠄⢰⣿⣿⣷⠂⠢⣼⠉⠄⠄⠄⠄⢀⡤⠾⢤⣴⠒⠃⠄⠄⠄⠄⠄⠄⠄⠄⠄⠄⠄⠄⠄⠄⠄⠄⠄⠄⠄
⠄⠄⠄⠄⠄⠄⠄⠄⠄⠄⠄⢀⡤⠿⣄⣴⠚⠁⠄⠄⠄⠄⠙⣻⠟⠻⢼⡉⠁⠄⠄⠄⠄⣠⠁⠄⠄⠄⠘⣦⠄⠄⠄⠄⠄⠄⠄⠄⠄⠄⠄⠄⠄⠄⠄⠄⠄⠄⠄⠄
⠄⠄⠄⠄⠄⠄⠄⠄⠄⢀⡔⠃⣠⠄⠄⠘⡧⣄⠄⠄⠄⣠⠚⢁⡤⠄⠄⢹⢦⡀⠄⢠⠜⢁⢴⠊⠄⠄⠄⡏⠓⢄⡀⠄⠄⠄⠄⠄⠄⠄⠄⠄⠄⠄⠄⠄⠄⠄⠄⠄
⠄⠄⠄⠄⠄⠄⠄⠄⢠⠏⢠⢾⠁⠄⠄⢀⣇⡈⠳⣄⣼⡁⣰⢻⠁⠄⢠⡿⣄⠙⡶⠛⢦⠞⡏⠄⠄⠄⢰⠏⠦⣴⠉⠙⡆⠄⠄⠄⠄⠄⠄⠄⠄⠄⠄⠄⠄⠄⠄⠄
⠄⠄⠄⠄⠄⠄⠄⢰⠉⠳⡏⠈⠄⠄⠄⢸⠁⠙⠺⣏⢀⣹⢡⠏⠄⠄⠈⣇⠈⠙⠧⠴⠜⠄⡧⠤⣤⣤⣼⠄⠄⠈⠓⢻⡁⢀⡤⠔⠦⣄⠄⠄⠄⠄⠄⠄⠄⠄⠄⠄
⠄⠄⠄⠄⠄⠄⠄⠈⠒⠋⠄⠐⠒⠒⠒⢧⠄⠄⡠⡌⠉⢣⡎⠄⠄⠄⠄⠘⡆⠄⠄⠄⠄⢠⠄⠄⠄⠄⠘⢦⠄⠄⠄⠄⣹⠋⠄⢠⠄⡜⠦⣤⡄⠄⠄⠄⠄⠄⠄⠄
⠄⠄⠄⠄⠄⠄⠄⠄⠄⠄⢀⡆⠄⣰⡀⠈⢳⣸⢰⠄⢠⠎⠄⡴⠑⠦⢶⠄⢹⠄⠄⡴⠂⠉⢦⣴⠋⢦⣀⣈⣱⣀⣠⠴⠣⣀⣠⠞⠄⠠⣤⡼⠃⠄⠄⠄⠄⠄⠄⠄
⠄⠄⠄⠄⠄⠄⠄⠄⢀⡴⠋⠄⡰⠃⢳⠄⠈⣿⡘⠚⠉⠛⠒⠃⠄⠄⢄⣧⡌⡇⣰⠁⢰⠄⠄⢙⡇⡼⠉⠄⠄⠄⠄⠄⠄⠄⠄⠄⡴⠉⠁⠄⠄⠄⠄⠄⠄⠄⠄⠄
⠄⠄⠄⠄⠄⠄⠄⣴⣯⡀⣠⠌⠄⠄⠘⡆⠄⣿⠇⠄⠄⠄⠄⠄⠄⠄⡨⢋⡴⠛⣇⠄⢸⠃⠖⠋⣰⠃⡄⠄⢀⡄⠄⠄⠄⠄⠄⣠⡃⠄⠄⠄⠄⠄⠄⠄⠄⠄⠄⠄
⠄⠄⠄⠄⠄⠄⠄⠻⣿⣯⡁⠠⢔⣄⠄⢣⣤⠏⠄⡤⢤⢤⣄⠄⡀⢰⡏⡟⠄⠄⢬⠛⠁⡀⠄⠾⣡⡞⢁⣠⠞⢲⠦⡇⠄⡷⢾⡁⠙⠄⢀⣀⡿⣣⠄⠄⠄⠄⠄⠄
⠄⠄⠄⠄⠄⠄⠄⠄⠄⠄⠼⠤⣤⠞⠁⠄⠘⢦⠇⠘⠦⡷⠸⢄⣻⠱⠅⠳⣄⣀⣚⡞⢆⡧⠄⠄⠄⠧⣹⠄⠳⣜⡆⠹⣄⣱⠄⠙⠔⠰⠥⠤⠤⣨⠜⠂⠄⠄⠄⠄
⠄⠄⠄⠄⠄⠄⠄⠄⠄⠄⠄⠄⠄⠄⠄⠄⠄⠄⠄⠄⠄⢀⡀⠄⠄⢀⡀⠄⠄⠄⠄⠄⠄⠄⠄⣿⡇⠄⠄⠄⠄⠄⠄⠄⠄⠄⠄⠄⠄⠄⠄⠄⠄⠄⠄⠄⠄⠄⠄⠄
⠄⠄⠄⠄⠄⠄⢠⣾⡿⠿⣿⣇⠄⢸⣿⣶⢿⣿⣷⠄⢠⣿⣿⣴⣶⣿⣧⠄⣰⣾⠿⠿⣿⡄⢿⣿⣿⣿⡿⠄⣿⣷⣿⣿⣿⡆⠄⢰⣿⠿⢿⣷⡄⠄⠄⠄⠄⠄⠄⠄
⠄⠄⠄⠄⠄⠄⢀⣠⣤⠶⢼⣿⠄⢸⣿⡏⠄⠸⣿⡇⢸⣿⣟⡿⢿⣻⣿⠄⣿⣿⢶⣶⠿⠏⠄⣿⣿⠄⠄⠄⣿⣿⠄⠈⣿⣿⠄⣀⣠⠴⢾⣿⡇⠄⠄⠄⠄⠄⠄⠄
⠄⠄⠄⠄⠄⠄⢸⣿⣧⣤⣼⣿⠄⢸⣿⡇⠄⢰⣿⡇⢸⣿⣯⣥⣭⣿⡏⠄⢻⣿⣦⣤⣴⡆⠄⢿⣿⣦⣤⠄⣿⣿⠄⠄⣿⣿⠄⢿⣿⣤⣼⣿⡇⠄⠄⠄⠄⠄⠄⠄
⠄⠄⠄⠄⠄⠄⠄⠉⠉⠉⠈⠉⠄⠈⠉⠁⠄⠄⠉⠄⢸⣿⡏⠉⠉⠄⠄⠄⠄⠈⠉⠉⠉⠄⠄⠈⠉⠉⠉⠄⠉⠁⠄⠄⠉⠉⠄⠈⠉⠉⠁⠉⠁⠄⠄⠄⠄⠄⠄⠄
⠄⠄⠄⠄⠄⠄⠄⠄⠄⠄⠄⠄⠄⠄⠄⠄⠄⠄⠄⠄⠘⠛⠁⠄⠄⠄⠄⠄⠄⠄⠄⠄⠄⠄⠄⠄⠄⠄⠄⠄⠄⠄⠄⠄⠄⠄⠄⠄⠄⠄⠄⠄⠄⠄⠄⠄⠄⠄⠄⠄
⠄⠄⠄⠄⠄⠄⠄⠄⠄⠄⠄⠄⠄⠄⠄⠄⠄⠄⠄⠄⠄⠄⠄⠄⠄⠄⠄⠄⠄⠄⠄⠄⠄⠄⠄⠄⠄⠄⠄⠄⠄⠄⠄⠄⠄⠄⠄⠄⠄⠄⠄⠄⠄⠄⠄⠄⠄⠄⠄⠄


2025-08-18T18:51:50.391+09:00  INFO 7440 --- [anpetna] [    Test worker] com.anpetna.service.MemberServiceTests   : Starting MemberServiceTests using Java 17.0.15 with PID 7440 (started by traum717 in C:\SpringBoot-workspace\anpetna)
2025-08-18T18:51:50.394+09:00  INFO 7440 --- [anpetna] [    Test worker] com.anpetna.service.MemberServiceTests   : No active profile set, falling back to 1 default profile: "default"
2025-08-18T18:51:52.438+09:00  INFO 7440 --- [anpetna] [    Test worker] .s.d.r.c.RepositoryConfigurationDelegate : Bootstrapping Spring Data JPA repositories in DEFAULT mode.
2025-08-18T18:51:52.555+09:00  INFO 7440 --- [anpetna] [    Test worker] .s.d.r.c.RepositoryConfigurationDelegate : Finished Spring Data repository scanning in 104 ms. Found 1 JPA repository interface.
2025-08-18T18:51:53.404+09:00  INFO 7440 --- [anpetna] [    Test worker] o.hibernate.jpa.internal.util.LogHelper  : HHH000204: Processing PersistenceUnitInfo [name: default]
2025-08-18T18:51:53.503+09:00  INFO 7440 --- [anpetna] [    Test worker] org.hibernate.Version                    : HHH000412: Hibernate ORM core version 6.6.22.Final
2025-08-18T18:51:53.559+09:00  INFO 7440 --- [anpetna] [    Test worker] o.h.c.internal.RegionFactoryInitiator    : HHH000026: Second-level cache disabled
2025-08-18T18:51:53.766+09:00  INFO 7440 --- [anpetna] [    Test worker] o.s.o.j.p.SpringPersistenceUnitInfo      : No LoadTimeWeaver setup: ignoring JPA class transformer
2025-08-18T18:51:53.822+09:00  INFO 7440 --- [anpetna] [    Test worker] com.zaxxer.hikari.HikariDataSource       : HikariPool-1 - Starting...
2025-08-18T18:51:53.974+09:00  INFO 7440 --- [anpetna] [    Test worker] com.zaxxer.hikari.pool.HikariPool        : HikariPool-1 - Added connection org.mariadb.jdbc.Connection@5f2ad3d5
2025-08-18T18:51:53.977+09:00  INFO 7440 --- [anpetna] [    Test worker] com.zaxxer.hikari.HikariDataSource       : HikariPool-1 - Start completed.
2025-08-18T18:51:54.056+09:00  INFO 7440 --- [anpetna] [    Test worker] org.hibernate.orm.connections.pooling    : HHH10001005: Database info:
	Database JDBC URL [Connecting through datasource 'HikariDataSource (HikariPool-1)']
	Database driver: undefined/unknown
	Database version: 10.5.29
	Autocommit mode: undefined/unknown
	Isolation level: undefined/unknown
	Minimum pool size: undefined/unknown
	Maximum pool size: undefined/unknown
2025-08-18T18:51:55.528+09:00  INFO 7440 --- [anpetna] [    Test worker] o.h.e.t.j.p.i.JtaPlatformInitiator       : HHH000489: No JTA platform available (set 'hibernate.transaction.jta.platform' to enable JTA platform integration)
2025-08-18T18:51:55.637+09:00  INFO 7440 --- [anpetna] [    Test worker] j.LocalContainerEntityManagerFactoryBean : Initialized JPA EntityManagerFactory for persistence unit 'default'
2025-08-18T18:51:56.181+09:00  WARN 7440 --- [anpetna] [    Test worker] JpaBaseConfiguration$JpaWebConfiguration : spring.jpa.open-in-view is enabled by default. Therefore, database queries may be performed during view rendering. Explicitly configure spring.jpa.open-in-view to disable this warning
2025-08-18T18:51:56.211+09:00  INFO 7440 --- [anpetna] [    Test worker] r$InitializeUserDetailsManagerConfigurer : Global AuthenticationManager configured with UserDetailsService bean with name memberServiceImpl
2025-08-18T18:51:57.047+09:00  WARN 7440 --- [anpetna] [    Test worker] ion$DefaultTemplateResolverConfiguration : Cannot find template location: classpath:/templates/ (please add some templates, check your Thymeleaf configuration, or set spring.thymeleaf.check-template-location=false)
2025-08-18T18:51:57.335+09:00  INFO 7440 --- [anpetna] [    Test worker] com.anpetna.service.MemberServiceTests   : Started MemberServiceTests in 7.471 seconds (process running for 10.699)
=== EFFECTIVE SPRING CONFIG ===
ActiveProfiles = []
spring.datasource.url = jdbc:mariadb://localhost:3306/anpetnadb
spring.datasource.username = anpetnamember
spring.datasource.driver-class-name = org.mariadb.jdbc.Driver
================================
]]></system-out>
  <system-err><![CDATA[]]></system-err>
</testsuite>
