<?xml version="1.0" encoding="UTF-8"?>
<testsuite name="com.anpetna.service.MemberServiceTests" tests="1" skipped="0" failures="0" errors="0" timestamp="2025-08-17T10:43:44" hostname="220-04" time="0.165">
  <properties/>
  <testcase name="ModifyTest()" classname="com.anpetna.service.MemberServiceTests" time="0.165"/>
  <system-out><![CDATA[19:43:36.581 [Test worker] INFO org.springframework.test.context.support.AnnotationConfigContextLoaderUtils -- Could not detect default configuration classes for test class [com.anpetna.service.MemberServiceTests]: MemberServiceTests does not declare any static, non-private, non-final, nested classes annotated with @Configuration.
19:43:36.756 [Test worker] INFO org.springframework.boot.test.context.SpringBootTestContextBootstrapper -- Found @SpringBootConfiguration com.anpetna.AnpetnaApplication for test class com.anpetna.service.MemberServiceTests

⠄⠄⠄⠄⠄⠄⠄⠄⠄⠄⠄⠄⠄⠄⠄⠄⠄⠄⠄⠄⠄⠄⠄⠄⠄⠄⠄⠄⠄⠄⠄⠄⠄⠄⠄⠄⠄⠄⠄⠄⠄⠄⠄⠄⠄⠄⠄⠄⠄⠄⠄⠄⠄⠄⠄⠄⠄⠄⠄⠄
⠄⠄⠄⠄⠄⠄⠄⠄⠄⠄⠄⠄⠄⠄⠄⠄⠄⠄⠄⠄⠄⠄⠄⠄⠄⠄⠄⠄⠄⠄⠄⠄⠄⠄⠄⣠⣴⣶⣶⣤⣠⡄⠄⠄⠄⠄⠄⠄⠄⠄⠄⠄⠄⠄⠄⠄⠄⠄⠄⠄
⠄⠄⠄⠄⠄⠄⠄⠄⠄⠄⠄⠄⣀⣠⣤⣤⣄⡀⠄⠄⠄⠄⠄⢀⣠⣶⣶⣶⢄⠄⠄⠄⠄⠄⢰⣿⡿⢿⡿⢉⢻⡀⠄⠄⠄⠄⠄⠄⠄⠄⠄⠄⠄⠄⠄⠄⠄⠄⠄⠄
⠄⠄⠄⠄⠄⠄⠄⠄⠄⠄⠄⢰⣿⣿⣿⡟⢈⣷⠄⠄⠄⠄⠄⣸⣿⡟⠟⢡⠸⣆⠄⠄⠄⠄⠄⠻⣷⡆⠄⣄⣠⠇⠄⠄⠄⠄⠄⠄⠄⠄⠄⠄⠄⠄⠄⠄⠄⠄⠄⠄
⠄⠄⠄⠄⠄⠄⠄⠄⠄⠄⠄⠈⢿⣧⡌⠄⣌⡼⠃⠄⠄⠄⢰⣿⣿⣷⠂⠢⣼⠉⠄⠄⠄⠄⢀⡤⠾⢤⣴⠒⠃⠄⠄⠄⠄⠄⠄⠄⠄⠄⠄⠄⠄⠄⠄⠄⠄⠄⠄⠄
⠄⠄⠄⠄⠄⠄⠄⠄⠄⠄⠄⢀⡤⠿⣄⣴⠚⠁⠄⠄⠄⠄⠙⣻⠟⠻⢼⡉⠁⠄⠄⠄⠄⣠⠁⠄⠄⠄⠘⣦⠄⠄⠄⠄⠄⠄⠄⠄⠄⠄⠄⠄⠄⠄⠄⠄⠄⠄⠄⠄
⠄⠄⠄⠄⠄⠄⠄⠄⠄⢀⡔⠃⣠⠄⠄⠘⡧⣄⠄⠄⠄⣠⠚⢁⡤⠄⠄⢹⢦⡀⠄⢠⠜⢁⢴⠊⠄⠄⠄⡏⠓⢄⡀⠄⠄⠄⠄⠄⠄⠄⠄⠄⠄⠄⠄⠄⠄⠄⠄⠄
⠄⠄⠄⠄⠄⠄⠄⠄⢠⠏⢠⢾⠁⠄⠄⢀⣇⡈⠳⣄⣼⡁⣰⢻⠁⠄⢠⡿⣄⠙⡶⠛⢦⠞⡏⠄⠄⠄⢰⠏⠦⣴⠉⠙⡆⠄⠄⠄⠄⠄⠄⠄⠄⠄⠄⠄⠄⠄⠄⠄
⠄⠄⠄⠄⠄⠄⠄⢰⠉⠳⡏⠈⠄⠄⠄⢸⠁⠙⠺⣏⢀⣹⢡⠏⠄⠄⠈⣇⠈⠙⠧⠴⠜⠄⡧⠤⣤⣤⣼⠄⠄⠈⠓⢻⡁⢀⡤⠔⠦⣄⠄⠄⠄⠄⠄⠄⠄⠄⠄⠄
⠄⠄⠄⠄⠄⠄⠄⠈⠒⠋⠄⠐⠒⠒⠒⢧⠄⠄⡠⡌⠉⢣⡎⠄⠄⠄⠄⠘⡆⠄⠄⠄⠄⢠⠄⠄⠄⠄⠘⢦⠄⠄⠄⠄⣹⠋⠄⢠⠄⡜⠦⣤⡄⠄⠄⠄⠄⠄⠄⠄
⠄⠄⠄⠄⠄⠄⠄⠄⠄⠄⢀⡆⠄⣰⡀⠈⢳⣸⢰⠄⢠⠎⠄⡴⠑⠦⢶⠄⢹⠄⠄⡴⠂⠉⢦⣴⠋⢦⣀⣈⣱⣀⣠⠴⠣⣀⣠⠞⠄⠠⣤⡼⠃⠄⠄⠄⠄⠄⠄⠄
⠄⠄⠄⠄⠄⠄⠄⠄⢀⡴⠋⠄⡰⠃⢳⠄⠈⣿⡘⠚⠉⠛⠒⠃⠄⠄⢄⣧⡌⡇⣰⠁⢰⠄⠄⢙⡇⡼⠉⠄⠄⠄⠄⠄⠄⠄⠄⠄⡴⠉⠁⠄⠄⠄⠄⠄⠄⠄⠄⠄
⠄⠄⠄⠄⠄⠄⠄⣴⣯⡀⣠⠌⠄⠄⠘⡆⠄⣿⠇⠄⠄⠄⠄⠄⠄⠄⡨⢋⡴⠛⣇⠄⢸⠃⠖⠋⣰⠃⡄⠄⢀⡄⠄⠄⠄⠄⠄⣠⡃⠄⠄⠄⠄⠄⠄⠄⠄⠄⠄⠄
⠄⠄⠄⠄⠄⠄⠄⠻⣿⣯⡁⠠⢔⣄⠄⢣⣤⠏⠄⡤⢤⢤⣄⠄⡀⢰⡏⡟⠄⠄⢬⠛⠁⡀⠄⠾⣡⡞⢁⣠⠞⢲⠦⡇⠄⡷⢾⡁⠙⠄⢀⣀⡿⣣⠄⠄⠄⠄⠄⠄
⠄⠄⠄⠄⠄⠄⠄⠄⠄⠄⠼⠤⣤⠞⠁⠄⠘⢦⠇⠘⠦⡷⠸⢄⣻⠱⠅⠳⣄⣀⣚⡞⢆⡧⠄⠄⠄⠧⣹⠄⠳⣜⡆⠹⣄⣱⠄⠙⠔⠰⠥⠤⠤⣨⠜⠂⠄⠄⠄⠄
⠄⠄⠄⠄⠄⠄⠄⠄⠄⠄⠄⠄⠄⠄⠄⠄⠄⠄⠄⠄⠄⢀⡀⠄⠄⢀⡀⠄⠄⠄⠄⠄⠄⠄⠄⣿⡇⠄⠄⠄⠄⠄⠄⠄⠄⠄⠄⠄⠄⠄⠄⠄⠄⠄⠄⠄⠄⠄⠄⠄
⠄⠄⠄⠄⠄⠄⢠⣾⡿⠿⣿⣇⠄⢸⣿⣶⢿⣿⣷⠄⢠⣿⣿⣴⣶⣿⣧⠄⣰⣾⠿⠿⣿⡄⢿⣿⣿⣿⡿⠄⣿⣷⣿⣿⣿⡆⠄⢰⣿⠿⢿⣷⡄⠄⠄⠄⠄⠄⠄⠄
⠄⠄⠄⠄⠄⠄⢀⣠⣤⠶⢼⣿⠄⢸⣿⡏⠄⠸⣿⡇⢸⣿⣟⡿⢿⣻⣿⠄⣿⣿⢶⣶⠿⠏⠄⣿⣿⠄⠄⠄⣿⣿⠄⠈⣿⣿⠄⣀⣠⠴⢾⣿⡇⠄⠄⠄⠄⠄⠄⠄
⠄⠄⠄⠄⠄⠄⢸⣿⣧⣤⣼⣿⠄⢸⣿⡇⠄⢰⣿⡇⢸⣿⣯⣥⣭⣿⡏⠄⢻⣿⣦⣤⣴⡆⠄⢿⣿⣦⣤⠄⣿⣿⠄⠄⣿⣿⠄⢿⣿⣤⣼⣿⡇⠄⠄⠄⠄⠄⠄⠄
⠄⠄⠄⠄⠄⠄⠄⠉⠉⠉⠈⠉⠄⠈⠉⠁⠄⠄⠉⠄⢸⣿⡏⠉⠉⠄⠄⠄⠄⠈⠉⠉⠉⠄⠄⠈⠉⠉⠉⠄⠉⠁⠄⠄⠉⠉⠄⠈⠉⠉⠁⠉⠁⠄⠄⠄⠄⠄⠄⠄
⠄⠄⠄⠄⠄⠄⠄⠄⠄⠄⠄⠄⠄⠄⠄⠄⠄⠄⠄⠄⠘⠛⠁⠄⠄⠄⠄⠄⠄⠄⠄⠄⠄⠄⠄⠄⠄⠄⠄⠄⠄⠄⠄⠄⠄⠄⠄⠄⠄⠄⠄⠄⠄⠄⠄⠄⠄⠄⠄⠄
⠄⠄⠄⠄⠄⠄⠄⠄⠄⠄⠄⠄⠄⠄⠄⠄⠄⠄⠄⠄⠄⠄⠄⠄⠄⠄⠄⠄⠄⠄⠄⠄⠄⠄⠄⠄⠄⠄⠄⠄⠄⠄⠄⠄⠄⠄⠄⠄⠄⠄⠄⠄⠄⠄⠄⠄⠄⠄⠄⠄


2025-08-17T19:43:38.720+09:00  INFO 13744 --- [anpetna] [    Test worker] com.anpetna.service.MemberServiceTests   : Starting MemberServiceTests using Java 17.0.15 with PID 13744 (started by wlals in C:\SpringBoot-workspace\anpetna)
2025-08-17T19:43:38.720+09:00  INFO 13744 --- [anpetna] [    Test worker] com.anpetna.service.MemberServiceTests   : No active profile set, falling back to 1 default profile: "default"
2025-08-17T19:43:40.189+09:00  INFO 13744 --- [anpetna] [    Test worker] .s.d.r.c.RepositoryConfigurationDelegate : Bootstrapping Spring Data JPA repositories in DEFAULT mode.
2025-08-17T19:43:40.299+09:00  INFO 13744 --- [anpetna] [    Test worker] .s.d.r.c.RepositoryConfigurationDelegate : Finished Spring Data repository scanning in 95 ms. Found 1 JPA repository interface.
2025-08-17T19:43:41.033+09:00  INFO 13744 --- [anpetna] [    Test worker] o.hibernate.jpa.internal.util.LogHelper  : HHH000204: Processing PersistenceUnitInfo [name: default]
2025-08-17T19:43:41.144+09:00  INFO 13744 --- [anpetna] [    Test worker] org.hibernate.Version                    : HHH000412: Hibernate ORM core version 6.6.22.Final
2025-08-17T19:43:41.208+09:00  INFO 13744 --- [anpetna] [    Test worker] o.h.c.internal.RegionFactoryInitiator    : HHH000026: Second-level cache disabled
2025-08-17T19:43:41.427+09:00  INFO 13744 --- [anpetna] [    Test worker] o.s.o.j.p.SpringPersistenceUnitInfo      : No LoadTimeWeaver setup: ignoring JPA class transformer
2025-08-17T19:43:41.489+09:00  INFO 13744 --- [anpetna] [    Test worker] com.zaxxer.hikari.HikariDataSource       : HikariPool-1 - Starting...
2025-08-17T19:43:41.645+09:00  INFO 13744 --- [anpetna] [    Test worker] com.zaxxer.hikari.pool.HikariPool        : HikariPool-1 - Added connection org.mariadb.jdbc.Connection@f833223
2025-08-17T19:43:41.645+09:00  INFO 13744 --- [anpetna] [    Test worker] com.zaxxer.hikari.HikariDataSource       : HikariPool-1 - Start completed.
2025-08-17T19:43:41.747+09:00  INFO 13744 --- [anpetna] [    Test worker] org.hibernate.orm.connections.pooling    : HHH10001005: Database info:
	Database JDBC URL [Connecting through datasource 'HikariDataSource (HikariPool-1)']
	Database driver: undefined/unknown
	Database version: 10.5.29
	Autocommit mode: undefined/unknown
	Isolation level: undefined/unknown
	Minimum pool size: undefined/unknown
	Maximum pool size: undefined/unknown
2025-08-17T19:43:42.869+09:00  INFO 13744 --- [anpetna] [    Test worker] o.h.e.t.j.p.i.JtaPlatformInitiator       : HHH000489: No JTA platform available (set 'hibernate.transaction.jta.platform' to enable JTA platform integration)
2025-08-17T19:43:42.932+09:00  INFO 13744 --- [anpetna] [    Test worker] j.LocalContainerEntityManagerFactoryBean : Initialized JPA EntityManagerFactory for persistence unit 'default'
2025-08-17T19:43:43.410+09:00  WARN 13744 --- [anpetna] [    Test worker] JpaBaseConfiguration$JpaWebConfiguration : spring.jpa.open-in-view is enabled by default. Therefore, database queries may be performed during view rendering. Explicitly configure spring.jpa.open-in-view to disable this warning
2025-08-17T19:43:43.441+09:00  INFO 13744 --- [anpetna] [    Test worker] r$InitializeUserDetailsManagerConfigurer : Global AuthenticationManager configured with UserDetailsService bean with name memberServiceImpl
2025-08-17T19:43:44.293+09:00  WARN 13744 --- [anpetna] [    Test worker] ion$DefaultTemplateResolverConfiguration : Cannot find template location: classpath:/templates/ (please add some templates, check your Thymeleaf configuration, or set spring.thymeleaf.check-template-location=false)
2025-08-17T19:43:44.527+09:00  INFO 13744 --- [anpetna] [    Test worker] com.anpetna.service.MemberServiceTests   : Started MemberServiceTests in 6.351 seconds (process running for 9.262)
]]></system-out>
  <system-err><![CDATA[]]></system-err>
</testsuite>
